Site:	 GONA01
Lat:	 -23.6002
Lon:	 15.11956
Alt:	 510.0

Year:	2022	2022	2022	2022	2022	2022	2022	2022	2022	2022	2022	2022	2022
DOY(U):	159	159	159	159	159	159	159	159	159	159	159	159	159
UTC:	08:00	08:30	09:00	09:30	10:00	10:30	11:00	11:30	12:00	12:30	13:00	13:30	14:00
DOY(L):	159	159	159	159	159	159	159	159	159	159	159	159	159
Local:	09:00	09:30	10:00	10:30	11:00	11:30	12:00	12:30	13:00	13:30	14:00	14:30	15:00
P:	962.86	962.88	962.90	962.67	962.45	962.22	961.99	961.77	961.58	961.39	961.20	961.01	960.90
T:	299.0	300.2	300.7	301.2	301.6	302.1	302.6	303.0	303.3	303.5	303.8	304.1	304.7
WV:	0.98	0.97	0.93	0.96	0.94	0.96	0.96	0.94	0.93	0.91	0.91	0.88	0.86
O3:	250.73	250.95	251.17	251.39	251.60	251.82	252.04	252.26	252.48	252.44	252.41	252.37	252.33
AOD:	0.047	0.050	0.047	0.058	0.057	0.052	0.049	0.048	0.047	0.044	0.043	0.043	0.042
Ang:	0.742	0.706	0.669	0.632	0.596	0.559	0.771	0.788	0.808	0.829	0.849	0.869	0.889
Type:	R	R	R	R	R	R	R	R	R	R	R	R	R
Zen:	63.4976	58.7696	54.6057	51.1447	48.5380	46.9286	46.4208	47.0503	48.7730	51.4788	55.0225	59.2533	64.0343
Azi:	46.3266	40.5657	33.9599	26.4513	18.0702	8.9820	-0.4981	-9.9548	-18.979	-27.270	-34.680	-41.190	-46.865
esd:	1.01517	1.01517	1.01518	1.01518	1.01518	1.01518	1.01519	1.01519	1.01519	1.01519	1.01520	1.01520	1.01520



400	0.2293	0.2202	0.2138	0.2106	0.2082	0.2066	0.2063	0.2066	0.2079	0.2102	0.2142	0.2206	0.2302
410	0.2217	0.2132	0.2073	0.2044	0.2022	0.2008	0.2004	0.2008	0.2020	0.2040	0.2076	0.2136	0.2226
420	0.2161	0.2083	0.2029	0.2003	0.1984	0.1971	0.1968	0.1971	0.1981	0.1999	0.2032	0.2085	0.2168
430	0.2125	0.2054	0.2006	0.1983	0.1966	0.1956	0.1953	0.1956	0.1964	0.1979	0.2008	0.2056	0.2131
440	0.2102	0.2039	0.1997	0.1978	0.1963	0.1955	0.1952	0.1954	0.1961	0.1974	0.1998	0.2041	0.2108
450	0.2088	0.2031	0.1995	0.1979	0.1967	0.1959	0.1957	0.1959	0.1964	0.1975	0.1996	0.2033	0.2093
460	0.2075	0.2025	0.1992	0.1979	0.1969	0.1963	0.1961	0.1962	0.1966	0.1975	0.1993	0.2025	0.2079
470	0.2053	0.2009	0.1982	0.1972	0.1963	0.1959	0.1958	0.1958	0.1961	0.1968	0.1982	0.2010	0.2057
480	0.2033	0.1996	0.1973	0.1966	0.1960	0.1956	0.1956	0.1956	0.1958	0.1962	0.1973	0.1996	0.2036
490	0.2056	0.2023	0.2004	0.1998	0.1994	0.1991	0.1991	0.1991	0.1991	0.1995	0.2004	0.2023	0.2058
500	0.2061	0.2035	0.2020	0.2017	0.2015	0.2014	0.2014	0.2014	0.2013	0.2015	0.2021	0.2035	0.2063
510	0.2077	0.2057	0.2048	0.2048	0.2048	0.2048	0.2048	0.2047	0.2046	0.2045	0.2048	0.2058	0.2079
520	0.2115	0.2101	0.2096	0.2098	0.2100	0.2101	0.2102	0.2101	0.2098	0.2096	0.2095	0.2101	0.2115
530	0.2134	0.2129	0.2130	0.2135	0.2139	0.2142	0.2143	0.2141	0.2138	0.2132	0.2128	0.2127	0.2134
540	0.2188	0.2190	0.2195	0.2203	0.2209	0.2213	0.2215	0.2213	0.2208	0.2201	0.2193	0.2188	0.2187
550	0.2263	0.2271	0.2280	0.2291	0.2299	0.2304	0.2306	0.2304	0.2298	0.2289	0.2278	0.2269	0.2261
560	0.2333	0.2349	0.2365	0.2378	0.2388	0.2396	0.2398	0.2395	0.2387	0.2376	0.2362	0.2346	0.2330
570	0.2354	0.2382	0.2405	0.2423	0.2437	0.2446	0.2449	0.2446	0.2437	0.2422	0.2403	0.2379	0.2352
580	0.2447	0.2480	0.2508	0.2527	0.2542	0.2553	0.2556	0.2553	0.2542	0.2526	0.2504	0.2477	0.2444
590	0.2517	0.2555	0.2589	0.2608	0.2627	0.2637	0.2641	0.2639	0.2628	0.2612	0.2587	0.2559	0.2523
600	0.2623	0.2663	0.2698	0.2719	0.2738	0.2750	0.2754	0.2750	0.2739	0.2721	0.2695	0.2664	0.2623
610	0.2745	0.2784	0.2817	0.2839	0.2857	0.2869	0.2874	0.2870	0.2858	0.2839	0.2814	0.2781	0.2740
620	0.2807	0.2848	0.2882	0.2904	0.2923	0.2936	0.2941	0.2936	0.2924	0.2905	0.2879	0.2845	0.2803
630	0.2796	0.2841	0.2880	0.2903	0.2924	0.2938	0.2943	0.2938	0.2925	0.2905	0.2877	0.2840	0.2793
640	0.2948	0.2988	0.3023	0.3045	0.3065	0.3078	0.3083	0.3079	0.3066	0.3048	0.3021	0.2989	0.2947
650	0.2974	0.3017	0.3055	0.3076	0.3098	0.3110	0.3115	0.3112	0.3100	0.3082	0.3055	0.3023	0.2981
660	0.3091	0.3130	0.3164	0.3184	0.3204	0.3218	0.3222	0.3219	0.3207	0.3188	0.3163	0.3132	0.3093
670	0.3186	0.3221	0.3253	0.3273	0.3292	0.3305	0.3310	0.3306	0.3294	0.3276	0.3252	0.3221	0.3184
680	0.3182	0.3218	0.3251	0.3271	0.3290	0.3304	0.3308	0.3304	0.3292	0.3274	0.3249	0.3218	0.3180
690	0.2835	0.2886	0.2931	0.2955	0.2979	0.2994	0.3000	0.2996	0.2983	0.2962	0.2931	0.2892	0.2841
700	0.3132	0.3179	0.3223	0.3242	0.3266	0.3279	0.3285	0.3283	0.3271	0.3254	0.3225	0.3193	0.3150
710	0.3247	0.3289	0.3330	0.3347	0.3370	0.3383	0.3389	0.3387	0.3375	0.3358	0.3331	0.3300	0.3261
720	0.2818	0.2879	0.2941	0.2959	0.2992	0.3002	0.3010	0.3012	0.3000	0.2982	0.2948	0.2912	0.2861
730	0.2927	0.2988	0.3050	0.3067	0.3100	0.3111	0.3119	0.3120	0.3108	0.3091	0.3056	0.3021	0.2970
740	0.3384	0.3424	0.3463	0.3481	0.3503	0.3516	0.3523	0.3520	0.3508	0.3492	0.3466	0.3435	0.3397
750	0.3529	0.3561	0.3591	0.3608	0.3626	0.3640	0.3646	0.3642	0.3631	0.3615	0.3592	0.3564	0.3531
760	0.2303	0.2351	0.2392	0.2417	0.2440	0.2456	0.2462	0.2458	0.2444	0.2422	0.2392	0.2352	0.2301
770	0.3039	0.3083	0.3122	0.3143	0.3165	0.3181	0.3189	0.3184	0.3171	0.3151	0.3122	0.3085	0.3038
780	0.3587	0.3619	0.3649	0.3664	0.3683	0.3697	0.3704	0.3700	0.3689	0.3673	0.3650	0.3623	0.3590
790	0.3507	0.3544	0.3581	0.3596	0.3617	0.3631	0.3638	0.3636	0.3625	0.3609	0.3584	0.3555	0.3519
800	0.3474	0.3514	0.3554	0.3569	0.3591	0.3605	0.3612	0.3610	0.3599	0.3583	0.3558	0.3529	0.3492
810	0.3270	0.3318	0.3367	0.3382	0.3409	0.3421	0.3430	0.3429	0.3418	0.3402	0.3373	0.3342	0.3300
820	0.2854	0.2916	0.2982	0.2996	0.3030	0.3041	0.3050	0.3053	0.3041	0.3025	0.2991	0.2957	0.2905
830	0.3075	0.3129	0.3185	0.3198	0.3228	0.3239	0.3248	0.3249	0.3238	0.3223	0.3192	0.3161	0.3116
840	0.3423	0.3460	0.3499	0.3512	0.3533	0.3546	0.3554	0.3552	0.3542	0.3527	0.3503	0.3477	0.3442
850	0.3534	0.3562	0.3592	0.3604	0.3622	0.3635	0.3642	0.3639	0.3629	0.3615	0.3595	0.3571	0.3543
860	0.3549	0.3573	0.3600	0.3611	0.3627	0.3640	0.3648	0.3644	0.3635	0.3621	0.3602	0.3580	0.3554
870	0.3548	0.3571	0.3595	0.3605	0.3621	0.3634	0.3642	0.3639	0.3629	0.3616	0.3598	0.3576	0.3552
880	0.3516	0.3539	0.3565	0.3575	0.3592	0.3604	0.3611	0.3609	0.3600	0.3586	0.3568	0.3546	0.3521
890	0.3321	0.3354	0.3391	0.3401	0.3422	0.3434	0.3442	0.3441	0.3431	0.3417	0.3395	0.3370	0.3339
900	0.2650	0.2711	0.2775	0.2788	0.2821	0.2830	0.2841	0.2844	0.2833	0.2819	0.2786	0.2754	0.2706
910	0.2497	0.2565	0.2637	0.2650	0.2687	0.2696	0.2706	0.2711	0.2700	0.2686	0.2649	0.2615	0.2562
920	0.2608	0.2675	0.2746	0.2759	0.2795	0.2805	0.2815	0.2819	0.2808	0.2794	0.2758	0.2725	0.2672
930	0.1675	0.1750	0.1833	0.1844	0.1886	0.1892	0.1901	0.1909	0.1899	0.1886	0.1846	0.1813	0.1754
940	0.1066	0.1148	0.1238	0.1250	0.1295	0.1299	0.1307	0.1318	0.1308	0.1296	0.1253	0.1218	0.1156
950	0.1224	0.1307	0.1398	0.1410	0.1456	0.1460	0.1469	0.1479	0.1470	0.1457	0.1413	0.1378	0.1315
960	0.1646	0.1728	0.1818	0.1830	0.1875	0.1881	0.1892	0.1901	0.1890	0.1877	0.1833	0.1797	0.1734
970	0.2473	0.2542	0.2614	0.2626	0.2663	0.2672	0.2682	0.2688	0.2677	0.2663	0.2626	0.2594	0.2541
980	0.2835	0.2891	0.2950	0.2961	0.2992	0.3002	0.3013	0.3015	0.3005	0.2992	0.2960	0.2931	0.2886
990	0.3329	0.3360	0.3394	0.3403	0.3423	0.3434	0.3444	0.3442	0.3433	0.3421	0.3399	0.3377	0.3349
1000	0.3442	0.3465	0.3491	0.3500	0.3516	0.3528	0.3536	0.3534	0.3526	0.3514	0.3496	0.3476	0.3453
1010	0.3459	0.3482	0.3508	0.3516	0.3532	0.3544	0.3553	0.3551	0.3542	0.3530	0.3512	0.3492	0.3470
1020	0.3486	0.3507	0.3531	0.3539	0.3554	0.3567	0.3575	0.3573	0.3564	0.3553	0.3535	0.3517	0.3495
1030	0.3508	0.3527	0.3551	0.3558	0.3573	0.3585	0.3594	0.3591	0.3583	0.3571	0.3555	0.3536	0.3516
1040	0.3526	0.3544	0.3567	0.3575	0.3590	0.3602	0.3610	0.3607	0.3599	0.3587	0.3571	0.3553	0.3532
1050	0.3511	0.3532	0.3556	0.3565	0.3580	0.3592	0.3601	0.3598	0.3590	0.3577	0.3560	0.3540	0.3517
1060	0.3438	0.3467	0.3495	0.3507	0.3524	0.3538	0.3548	0.3545	0.3534	0.3520	0.3500	0.3474	0.3444
1070	0.3435	0.3466	0.3496	0.3507	0.3525	0.3539	0.3549	0.3546	0.3536	0.3522	0.3501	0.3475	0.3445
1080	0.3456	0.3485	0.3518	0.3525	0.3544	0.3556	0.3566	0.3565	0.3556	0.3544	0.3524	0.3502	0.3475
1090	0.3334	0.3372	0.3413	0.3421	0.3444	0.3456	0.3466	0.3467	0.3457	0.3445	0.3422	0.3398	0.3366
1100	0.2885	0.2950	0.3018	0.3028	0.3063	0.3073	0.3085	0.3089	0.3080	0.3066	0.3031	0.3000	0.2950
1110	0.2124	0.2204	0.2290	0.2300	0.2343	0.2350	0.2363	0.2371	0.2361	0.2348	0.2306	0.2271	0.2210
1120	0.0825	0.0900	0.0983	0.0994	0.1036	0.1038	0.1046	0.1056	0.1048	0.1037	0.0997	0.0966	0.0908
1130	0.0685	0.0760	0.0844	0.0856	0.0898	0.0900	0.0907	0.0918	0.0909	0.0899	0.0858	0.0827	0.0769
1140	0.1080	0.1171	0.1271	0.1284	0.1334	0.1336	0.1346	0.1357	0.1347	0.1334	0.1287	0.1250	0.1181
1150	0.1128	0.1218	0.1316	0.1329	0.1378	0.1381	0.1391	0.1402	0.1393	0.1379	0.1332	0.1295	0.1226
1160	0.2093	0.2182	0.2278	0.2290	0.2337	0.2343	0.2357	0.2366	0.2356	0.2341	0.2296	0.2257	0.2189
1170	0.2878	0.2948	0.3024	0.3033	0.3071	0.3081	0.3095	0.3100	0.3090	0.3076	0.3039	0.3005	0.2951
1180	0.2999	0.3063	0.3133	0.3141	0.3176	0.3186	0.3200	0.3205	0.3195	0.3182	0.3147	0.3116	0.3066
1190	0.3147	0.3208	0.3274	0.3282	0.3316	0.3326	0.3340	0.3345	0.3334	0.3322	0.3288	0.3258	0.3210
1200	0.3212	0.3270	0.3333	0.3342	0.3374	0.3385	0.3399	0.3403	0.3392	0.3379	0.3347	0.3317	0.3270
1210	0.3335	0.3388	0.3446	0.3455	0.3485	0.3496	0.3510	0.3512	0.3502	0.3489	0.3458	0.3429	0.3384
1220	0.3553	0.3598	0.3647	0.3656	0.3681	0.3694	0.3707	0.3708	0.3698	0.3685	0.3658	0.3630	0.3591
1230	0.3767	0.3800	0.3836	0.3843	0.3863	0.3876	0.3889	0.3888	0.3879	0.3867	0.3845	0.3821	0.3791
1240	0.3875	0.3901	0.3930	0.3937	0.3954	0.3968	0.3980	0.3978	0.3969	0.3956	0.3937	0.3914	0.3887
1250	0.3777	0.3812	0.3846	0.3858	0.3877	0.3892	0.3905	0.3902	0.3891	0.3876	0.3853	0.3823	0.3785
1260	0.3288	0.3353	0.3406	0.3431	0.3458	0.3477	0.3492	0.3487	0.3472	0.3447	0.3410	0.3360	0.3291
1270	0.2947	0.3026	0.3089	0.3121	0.3152	0.3173	0.3188	0.3183	0.3165	0.3137	0.3093	0.3033	0.2950
1280	0.3652	0.3697	0.3739	0.3754	0.3776	0.3792	0.3806	0.3803	0.3792	0.3774	0.3746	0.3711	0.3665
1290	0.3804	0.3840	0.3879	0.3885	0.3907	0.3919	0.3933	0.3933	0.3924	0.3912	0.3889	0.3864	0.3833
1300	0.3544	0.3590	0.3644	0.3649	0.3677	0.3687	0.3702	0.3705	0.3696	0.3684	0.3657	0.3631	0.3593
1310	0.3110	0.3177	0.3250	0.3257	0.3294	0.3303	0.3319	0.3325	0.3315	0.3303	0.3267	0.3236	0.3185
1320	0.2690	0.2773	0.2862	0.2871	0.2915	0.2923	0.2939	0.2947	0.2937	0.2924	0.2882	0.2845	0.2783
1330	0.1936	0.2036	0.2144	0.2155	0.2208	0.2213	0.2228	0.2240	0.2229	0.2215	0.2165	0.2124	0.2050
1340	0.1433	0.1531	0.1638	0.1649	0.1701	0.1705	0.1718	0.1731	0.1721	0.1708	0.1658	0.1619	0.1545
1350	0.0289	0.0321	0.0361	0.0365	0.0386	0.0386	0.0389	0.0394	0.0391	0.0386	0.0367	0.0353	0.0327
1360	0.0015	0.0014	0.0014	0.0013	0.0014	0.0013	0.0012	0.0012	0.0013	0.0013	0.0013	0.0014	0.0015
1370	0.0014	0.0013	0.0012	0.0012	0.0012	0.0012	0.0011	0.0011	0.0011	0.0011	0.0012	0.0012	0.0014
1380	0.0015	0.0014	0.0014	0.0013	0.0013	0.0013	0.0012	0.0012	0.0012	0.0013	0.0013	0.0013	0.0015
1390	0.0016	0.0016	0.0016	0.0016	0.0016	0.0016	0.0015	0.0015	0.0015	0.0015	0.0015	0.0016	0.0017
1400	0.0019	0.0019	0.0021	0.0021	0.0023	0.0023	0.0022	0.0022	0.0022	0.0022	0.0021	0.0020	0.0020
1410	0.0044	0.0050	0.0061	0.0062	0.0069	0.0069	0.0068	0.0070	0.0069	0.0067	0.0062	0.0058	0.0052
1420	0.0119	0.0143	0.0173	0.0178	0.0194	0.0194	0.0195	0.0200	0.0197	0.0193	0.0177	0.0167	0.0147
1430	0.0262	0.0304	0.0353	0.0360	0.0386	0.0386	0.0390	0.0397	0.0392	0.0385	0.0360	0.0342	0.0307
1440	0.0280	0.0330	0.0388	0.0398	0.0428	0.0429	0.0433	0.0441	0.0435	0.0427	0.0397	0.0374	0.0332
1450	0.0589	0.0664	0.0748	0.0759	0.0802	0.0803	0.0811	0.0822	0.0814	0.0803	0.0762	0.0731	0.0672
1460	0.0993	0.1092	0.1202	0.1215	0.1269	0.1270	0.1282	0.1296	0.1286	0.1273	0.1221	0.1181	0.1106
1470	0.0704	0.0784	0.0875	0.0887	0.0932	0.0933	0.0942	0.0953	0.0945	0.0934	0.0890	0.0857	0.0794
1480	0.1028	0.1123	0.1228	0.1240	0.1292	0.1294	0.1306	0.1318	0.1309	0.1296	0.1246	0.1208	0.1135
1490	0.1825	0.1925	0.2035	0.2046	0.2099	0.2103	0.2119	0.2132	0.2121	0.2108	0.2057	0.2017	0.1941
1500	0.2794	0.2874	0.2961	0.2967	0.3010	0.3017	0.3036	0.3044	0.3034	0.3023	0.2982	0.2949	0.2889
1510	0.3296	0.3356	0.3424	0.3428	0.3462	0.3471	0.3489	0.3495	0.3486	0.3475	0.3443	0.3415	0.3370
1520	0.3690	0.3735	0.3789	0.3792	0.3819	0.3829	0.3846	0.3849	0.3841	0.3831	0.3805	0.3782	0.3748
1530	0.3962	0.3994	0.4033	0.4036	0.4057	0.4068	0.4084	0.4085	0.4077	0.4067	0.4046	0.4027	0.4000
1540	0.4099	0.4123	0.4151	0.4153	0.4170	0.4182	0.4198	0.4197	0.4189	0.4179	0.4162	0.4145	0.4124
1550	0.4234	0.4246	0.4266	0.4265	0.4279	0.4290	0.4305	0.4303	0.4297	0.4289	0.4277	0.4265	0.4254
1560	0.4271	0.4281	0.4298	0.4297	0.4309	0.4320	0.4334	0.4334	0.4327	0.4320	0.4308	0.4298	0.4289
1570	0.3868	0.3903	0.3937	0.3948	0.3968	0.3982	0.3998	0.3995	0.3985	0.3970	0.3946	0.3918	0.3881
1580	0.3870	0.3904	0.3938	0.3949	0.3968	0.3982	0.3998	0.3996	0.3985	0.3970	0.3947	0.3918	0.3883
1590	0.4253	0.4264	0.4283	0.4283	0.4295	0.4307	0.4321	0.4319	0.4314	0.4306	0.4293	0.4281	0.4270
1600	0.3914	0.3946	0.3978	0.3988	0.4006	0.4020	0.4036	0.4033	0.4023	0.4009	0.3986	0.3960	0.3927
1610	0.3858	0.3892	0.3926	0.3938	0.3957	0.3972	0.3988	0.3984	0.3974	0.3958	0.3935	0.3905	0.3868
1620	0.4243	0.4255	0.4273	0.4275	0.4287	0.4299	0.4313	0.4311	0.4304	0.4295	0.4282	0.4269	0.4256
1630	0.4271	0.4281	0.4298	0.4299	0.4311	0.4322	0.4336	0.4334	0.4327	0.4319	0.4307	0.4295	0.4284
1640	0.4146	0.4165	0.4188	0.4193	0.4208	0.4220	0.4234	0.4232	0.4224	0.4213	0.4197	0.4179	0.4160
1650	0.4107	0.4130	0.4155	0.4161	0.4177	0.4189	0.4203	0.4202	0.4193	0.4182	0.4165	0.4145	0.4123
1660	0.4161	0.4180	0.4203	0.4207	0.4222	0.4233	0.4248	0.4247	0.4239	0.4229	0.4214	0.4197	0.4179
1670	0.4144	0.4164	0.4188	0.4193	0.4209	0.4220	0.4234	0.4233	0.4225	0.4214	0.4199	0.4181	0.4161
1680	0.4228	0.4242	0.4263	0.4265	0.4279	0.4289	0.4303	0.4302	0.4295	0.4287	0.4273	0.4260	0.4247
1690	0.4148	0.4167	0.4194	0.4197	0.4212	0.4223	0.4237	0.4236	0.4230	0.4220	0.4204	0.4189	0.4171
1700	0.4064	0.4090	0.4122	0.4127	0.4145	0.4155	0.4170	0.4170	0.4162	0.4152	0.4133	0.4115	0.4092
1710	0.3971	0.4002	0.4039	0.4044	0.4064	0.4074	0.4089	0.4090	0.4082	0.4071	0.4051	0.4031	0.4004
1720	0.3882	0.3915	0.3953	0.3958	0.3979	0.3988	0.4003	0.4005	0.3997	0.3988	0.3966	0.3947	0.3921
1730	0.3747	0.3788	0.3835	0.3841	0.3866	0.3875	0.3890	0.3893	0.3884	0.3873	0.3849	0.3826	0.3793
1740	0.3579	0.3626	0.3680	0.3685	0.3713	0.3721	0.3736	0.3741	0.3732	0.3722	0.3695	0.3672	0.3636
1750	0.3500	0.3551	0.3608	0.3614	0.3644	0.3651	0.3666	0.3671	0.3662	0.3652	0.3624	0.3601	0.3564
1760	0.3327	0.3386	0.3451	0.3457	0.3491	0.3497	0.3513	0.3519	0.3510	0.3499	0.3468	0.3443	0.3400
1770	0.2830	0.2912	0.3002	0.3011	0.3055	0.3060	0.3077	0.3086	0.3076	0.3063	0.3022	0.2988	0.2928
1780	0.2159	0.2254	0.2357	0.2368	0.2418	0.2421	0.2437	0.2448	0.2438	0.2425	0.2378	0.2341	0.2271
1790	0.1576	0.1676	0.1785	0.1797	0.1850	0.1852	0.1866	0.1879	0.1869	0.1855	0.1805	0.1766	0.1691
1800	0.0646	0.0717	0.0796	0.0806	0.0845	0.0845	0.0852	0.0863	0.0856	0.0846	0.0809	0.0781	0.0727
1810	0.0199	0.0237	0.0283	0.0290	0.0314	0.0314	0.0316	0.0322	0.0318	0.0312	0.0289	0.0273	0.0242
1820	9998	9998	9998	9998	9998	9998	9998	9998	9998	9998	9998	9998	9998
1830	9998	9998	9998	9998	9998	9998	9998	9998	9998	9998	9998	9998	9998
1840	9998	9998	9998	9998	9998	9998	9998	9998	9998	9998	9998	9998	9998
1850	9998	9998	9998	9998	9998	9998	9998	9998	9998	9998	9998	9998	9998
1860	9998	9998	9998	9998	9998	9998	9998	9998	9998	9998	9998	9998	9998
1870	9998	9998	9998	9998	9998	9998	9998	9998	9998	9998	9998	9998	9998
1880	9998	9998	9998	9998	9998	9998	9998	9998	9998	9998	9998	9998	9998
1890	9998	9998	9998	9998	9998	9998	9998	9998	9998	9998	9998	9998	9998
1900	9998	9998	9998	9998	9998	9998	9998	9998	9998	9998	9998	9998	9998
1910	9998	9998	9998	9998	9998	9998	9998	9998	9998	9998	9998	9998	9998
1920	0.0017	0.0019	0.0022	0.0023	0.0026	0.0026	0.0024	0.0025	0.0024	0.0024	0.0021	0.0020	0.0019
1930	0.0034	0.0040	0.0050	0.0051	0.0058	0.0057	0.0056	0.0057	0.0056	0.0055	0.0049	0.0046	0.0041
1940	0.0111	0.0132	0.0159	0.0164	0.0179	0.0179	0.0179	0.0183	0.0180	0.0176	0.0161	0.0151	0.0133
1950	0.0198	0.0235	0.0277	0.0287	0.0309	0.0311	0.0314	0.0318	0.0312	0.0304	0.0281	0.0260	0.0227
1960	0.0298	0.0345	0.0393	0.0407	0.0432	0.0437	0.0441	0.0444	0.0436	0.0424	0.0396	0.0369	0.0326
1970	0.1070	0.1153	0.1232	0.1255	0.1294	0.1303	0.1314	0.1318	0.1305	0.1285	0.1241	0.1194	0.1121
1980	0.1990	0.2074	0.2161	0.2176	0.2219	0.2224	0.2237	0.2245	0.2234	0.2218	0.2175	0.2138	0.2072
1990	0.2322	0.2402	0.2484	0.2498	0.2539	0.2545	0.2559	0.2566	0.2555	0.2540	0.2499	0.2464	0.2402
2000	0.0829	0.0888	0.0940	0.0963	0.0989	0.0999	0.1008	0.1007	0.0996	0.0977	0.0944	0.0905	0.0850
2010	0.0303	0.0355	0.0398	0.0425	0.0447	0.0459	0.0466	0.0462	0.0449	0.0428	0.0397	0.0355	0.0302
2020	0.0891	0.0967	0.1030	0.1063	0.1095	0.1110	0.1120	0.1117	0.1101	0.1075	0.1032	0.0977	0.0900
2030	0.2502	0.2586	0.2658	0.2689	0.2724	0.2739	0.2755	0.2754	0.2737	0.2711	0.2666	0.2610	0.2529
2040	0.2952	0.3028	0.3092	0.3120	0.3152	0.3166	0.3181	0.3180	0.3164	0.3141	0.3100	0.3050	0.2979
2050	0.2017	0.2106	0.2178	0.2216	0.2250	0.2269	0.2284	0.2280	0.2261	0.2231	0.2182	0.2118	0.2027
2060	0.1763	0.1857	0.1933	0.1973	0.2009	0.2028	0.2043	0.2039	0.2020	0.1988	0.1937	0.1870	0.1774
2070	0.1986	0.2078	0.2153	0.2191	0.2227	0.2246	0.2262	0.2258	0.2239	0.2208	0.2157	0.2091	0.1997
2080	0.2902	0.2977	0.3039	0.3069	0.3099	0.3115	0.3131	0.3128	0.3111	0.3085	0.3044	0.2991	0.2916
2090	0.3323	0.3380	0.3429	0.3451	0.3476	0.3489	0.3504	0.3502	0.3489	0.3468	0.3436	0.3396	0.3341
2100	0.3590	0.3628	0.3667	0.3678	0.3699	0.3708	0.3722	0.3722	0.3713	0.3700	0.3676	0.3652	0.3619
2110	0.3767	0.3794	0.3823	0.3831	0.3849	0.3858	0.3871	0.3870	0.3862	0.3850	0.3832	0.3814	0.3790
2120	0.3758	0.3785	0.3817	0.3824	0.3842	0.3850	0.3863	0.3863	0.3856	0.3846	0.3827	0.3811	0.3788
2130	0.3919	0.3933	0.3955	0.3958	0.3972	0.3980	0.3992	0.3992	0.3986	0.3977	0.3964	0.3952	0.3941
2140	0.4001	0.4010	0.4025	0.4028	0.4040	0.4047	0.4060	0.4059	0.4053	0.4045	0.4034	0.4025	0.4018
2150	0.3766	0.3791	0.3821	0.3828	0.3846	0.3853	0.3867	0.3867	0.3860	0.3850	0.3832	0.3816	0.3795
2160	0.3642	0.3671	0.3704	0.3711	0.3730	0.3738	0.3752	0.3753	0.3745	0.3734	0.3715	0.3696	0.3673
2170	0.3591	0.3617	0.3648	0.3655	0.3673	0.3681	0.3694	0.3694	0.3686	0.3676	0.3657	0.3641	0.3619
2180	0.3449	0.3477	0.3511	0.3517	0.3536	0.3543	0.3556	0.3557	0.3550	0.3540	0.3521	0.3505	0.3483
2190	0.3361	0.3388	0.3421	0.3427	0.3445	0.3453	0.3466	0.3466	0.3460	0.3450	0.3431	0.3416	0.3396
2200	0.3060	0.3106	0.3149	0.3164	0.3188	0.3198	0.3212	0.3210	0.3201	0.3185	0.3158	0.3129	0.3087
2210	0.3364	0.3387	0.3413	0.3420	0.3435	0.3444	0.3457	0.3456	0.3449	0.3438	0.3421	0.3406	0.3386
2220	0.3411	0.3431	0.3455	0.3462	0.3477	0.3485	0.3498	0.3497	0.3490	0.3479	0.3463	0.3448	0.3429
2230	0.3384	0.3408	0.3432	0.3442	0.3458	0.3467	0.3480	0.3478	0.3470	0.3457	0.3440	0.3420	0.3396
2240	0.3293	0.3323	0.3352	0.3365	0.3382	0.3393	0.3406	0.3403	0.3394	0.3379	0.3359	0.3334	0.3303
2250	0.3179	0.3216	0.3249	0.3266	0.3284	0.3296	0.3310	0.3306	0.3296	0.3279	0.3255	0.3225	0.3187
2260	0.3027	0.3073	0.3111	0.3131	0.3152	0.3165	0.3179	0.3175	0.3164	0.3144	0.3116	0.3081	0.3033
2270	0.2984	0.3029	0.3068	0.3088	0.3108	0.3122	0.3136	0.3132	0.3120	0.3101	0.3073	0.3039	0.2992
2280	0.2976	0.3019	0.3055	0.3074	0.3094	0.3107	0.3120	0.3117	0.3105	0.3087	0.3060	0.3028	0.2984
2290	0.2775	0.2829	0.2874	0.2897	0.2920	0.2934	0.2949	0.2945	0.2932	0.2912	0.2880	0.2841	0.2787
2300	0.2619	0.2682	0.2733	0.2760	0.2786	0.2801	0.2815	0.2812	0.2797	0.2774	0.2738	0.2692	0.2629
2310	9998	9998	9998	9998	9998	9998	9998	9998	9998	9998	9998	9998	9998
2320	9998	9998	9998	9998	9998	9998	9998	9998	9998	9998	9998	9998	9998
2330	9998	9998	9998	9998	9998	9998	9998	9998	9998	9998	9998	9998	9998
2340	9998	9998	9998	9998	9998	9998	9998	9998	9998	9998	9998	9998	9998
2350	9998	9998	9998	9998	9998	9998	9998	9998	9998	9998	9998	9998	9998
2360	9998	9998	9998	9998	9998	9998	9998	9998	9998	9998	9998	9998	9998
2370	9998	9998	9998	9998	9998	9998	9998	9998	9998	9998	9998	9998	9998
2380	9998	9998	9998	9998	9998	9998	9998	9998	9998	9998	9998	9998	9998
2390	9998	9998	9998	9998	9998	9998	9998	9998	9998	9998	9998	9998	9998
2400	9998	9998	9998	9998	9998	9998	9998	9998	9998	9998	9998	9998	9998
2410	9998	9998	9998	9998	9998	9998	9998	9998	9998	9998	9998	9998	9998
2420	9998	9998	9998	9998	9998	9998	9998	9998	9998	9998	9998	9998	9998
2430	9998	9998	9998	9998	9998	9998	9998	9998	9998	9998	9998	9998	9998
2440	9998	9998	9998	9998	9998	9998	9998	9998	9998	9998	9998	9998	9998
2450	9998	9998	9998	9998	9998	9998	9998	9998	9998	9998	9998	9998	9998
2460	9998	9998	9998	9998	9998	9998	9998	9998	9998	9998	9998	9998	9998
2470	9998	9998	9998	9998	9998	9998	9998	9998	9998	9998	9998	9998	9998
2480	9998	9998	9998	9998	9998	9998	9998	9998	9998	9998	9998	9998	9998
2490	9998	9998	9998	9998	9998	9998	9998	9998	9998	9998	9998	9998	9998
2500	9998	9998	9998	9998	9998	9998	9998	9998	9998	9998	9998	9998	9998

P:	2.5	2.5	2.5	2.5	2.5	2.5	2.5	2.5	2.5	2.5	2.5	2.5	2.5
T:	0.5	0.5	0.5	0.5	0.5	0.5	0.5	0.5	0.5	0.5	0.5	0.5	0.5
WV:	0.20	0.19	0.19	0.19	0.19	0.19	0.19	0.19	0.19	0.18	0.18	0.18	0.17
O3:	5.0	5.0	5.0	5.0	5.0	5.0	5.0	5.0	5.0	5.0	5.0	5.0	5.0
AOD:	0.001	0.001	0.001	0.001	0.001	0.001	0.001	0.001	0.001	0.001	0.001	0.001	0.001
Ang:	0.013	0.012	0.012	0.011	0.010	0.010	0.013	0.014	0.014	0.014	0.015	0.015	0.016
400	0.0038	0.0043	0.0037	0.0038	0.0036	0.0035	0.0038	0.0038	0.0038	0.0035	0.0038	0.0037	0.0037
410	0.0040	0.0044	0.0039	0.0040	0.0038	0.0038	0.0039	0.0039	0.0039	0.0037	0.0039	0.0039	0.0038
420	0.0042	0.0045	0.0041	0.0043	0.0042	0.0042	0.0041	0.0041	0.0041	0.0039	0.0040	0.0041	0.0040
430	0.0045	0.0046	0.0042	0.0045	0.0046	0.0046	0.0043	0.0043	0.0043	0.0042	0.0041	0.0043	0.0042
440	0.0049	0.0048	0.0045	0.0049	0.0052	0.0051	0.0046	0.0046	0.0046	0.0046	0.0042	0.0046	0.0045
450	0.0053	0.0051	0.0047	0.0053	0.0058	0.0057	0.0050	0.0050	0.0050	0.0050	0.0044	0.0050	0.0048
460	0.0057	0.0052	0.0049	0.0057	0.0063	0.0062	0.0052	0.0053	0.0053	0.0053	0.0046	0.0053	0.0051
470	0.0059	0.0053	0.0050	0.0059	0.0065	0.0065	0.0054	0.0054	0.0054	0.0055	0.0046	0.0054	0.0051
480	0.0060	0.0055	0.0053	0.0060	0.0067	0.0067	0.0057	0.0057	0.0057	0.0057	0.0049	0.0055	0.0052
490	0.0063	0.0059	0.0057	0.0063	0.0070	0.0069	0.0061	0.0061	0.0061	0.0060	0.0053	0.0059	0.0056
500	0.0066	0.0062	0.0061	0.0065	0.0072	0.0072	0.0065	0.0065	0.0065	0.0063	0.0056	0.0060	0.0058
510	0.0068	0.0065	0.0065	0.0067	0.0074	0.0074	0.0069	0.0069	0.0069	0.0066	0.0061	0.0062	0.0062
520	0.0072	0.0070	0.0071	0.0071	0.0077	0.0077	0.0074	0.0074	0.0074	0.0070	0.0065	0.0065	0.0065
530	0.0074	0.0073	0.0076	0.0073	0.0078	0.0079	0.0079	0.0079	0.0078	0.0073	0.0069	0.0066	0.0068
540	0.0079	0.0079	0.0080	0.0078	0.0085	0.0085	0.0083	0.0083	0.0083	0.0077	0.0075	0.0073	0.0072
550	0.0085	0.0086	0.0083	0.0085	0.0092	0.0093	0.0088	0.0088	0.0088	0.0083	0.0082	0.0082	0.0076
560	0.0091	0.0093	0.0086	0.0091	0.0100	0.0101	0.0093	0.0093	0.0093	0.0088	0.0090	0.0091	0.0082
570	0.0095	0.0097	0.0088	0.0095	0.0104	0.0104	0.0097	0.0097	0.0097	0.0092	0.0095	0.0099	0.0084
580	0.0098	0.0096	0.0093	0.0098	0.0105	0.0106	0.0106	0.0106	0.0104	0.0099	0.0098	0.0105	0.0090
590	0.0100	0.0095	0.0097	0.0101	0.0106	0.0107	0.0113	0.0113	0.0111	0.0105	0.0100	0.0111	0.0095
600	0.0104	0.0096	0.0103	0.0105	0.0109	0.0110	0.0121	0.0121	0.0119	0.0113	0.0104	0.0117	0.0101
610	0.0109	0.0097	0.0109	0.0109	0.0115	0.0116	0.0128	0.0128	0.0127	0.0121	0.0109	0.0125	0.0107
620	0.0088	0.0080	0.0087	0.0086	0.0094	0.0094	0.0102	0.0101	0.0101	0.0098	0.0087	0.0097	0.0086
630	0.0089	0.0083	0.0088	0.0086	0.0096	0.0097	0.0103	0.0102	0.0101	0.0099	0.0087	0.0096	0.0086
640	0.0095	0.0090	0.0094	0.0090	0.0103	0.0103	0.0107	0.0107	0.0107	0.0105	0.0092	0.0100	0.0093
650	0.0097	0.0093	0.0096	0.0090	0.0106	0.0106	0.0108	0.0108	0.0108	0.0106	0.0094	0.0100	0.0094
660	0.0103	0.0099	0.0100	0.0093	0.0111	0.0112	0.0113	0.0113	0.0112	0.0112	0.0097	0.0103	0.0100
670	0.0107	0.0104	0.0104	0.0096	0.0116	0.0117	0.0116	0.0116	0.0116	0.0115	0.0101	0.0105	0.0103
680	0.0108	0.0107	0.0105	0.0095	0.0119	0.0119	0.0116	0.0116	0.0115	0.0116	0.0101	0.0104	0.0105
690	0.0096	0.0097	0.0094	0.0085	0.0108	0.0108	0.0104	0.0104	0.0104	0.0105	0.0091	0.0092	0.0093
700	0.0108	0.0108	0.0104	0.0093	0.0119	0.0119	0.0115	0.0114	0.0114	0.0116	0.0099	0.0100	0.0103
710	0.0113	0.0115	0.0109	0.0096	0.0123	0.0123	0.0118	0.0118	0.0117	0.0120	0.0103	0.0102	0.0109
720	0.0098	0.0101	0.0096	0.0086	0.0107	0.0107	0.0104	0.0104	0.0104	0.0106	0.0091	0.0090	0.0095
730	0.0102	0.0104	0.0100	0.0090	0.0110	0.0109	0.0108	0.0108	0.0108	0.0109	0.0094	0.0093	0.0100
740	0.0119	0.0119	0.0115	0.0104	0.0123	0.0123	0.0121	0.0122	0.0122	0.0124	0.0107	0.0106	0.0116
750	0.0124	0.0122	0.0120	0.0110	0.0126	0.0126	0.0126	0.0126	0.0126	0.0128	0.0111	0.0110	0.0122
760	0.0081	0.0080	0.0080	0.0073	0.0085	0.0085	0.0085	0.0085	0.0085	0.0086	0.0074	0.0073	0.0079
770	0.0108	0.0106	0.0106	0.0098	0.0110	0.0109	0.0111	0.0111	0.0111	0.0113	0.0097	0.0097	0.0107
780	0.0129	0.0124	0.0125	0.0115	0.0126	0.0127	0.0129	0.0129	0.0128	0.0131	0.0113	0.0113	0.0128
790	0.0126	0.0121	0.0122	0.0113	0.0124	0.0124	0.0127	0.0127	0.0126	0.0129	0.0111	0.0112	0.0126
800	0.0124	0.0120	0.0122	0.0112	0.0123	0.0123	0.0126	0.0126	0.0126	0.0128	0.0110	0.0111	0.0125
810	0.0117	0.0113	0.0115	0.0106	0.0117	0.0117	0.0120	0.0120	0.0119	0.0121	0.0104	0.0106	0.0118
820	0.0102	0.0100	0.0101	0.0094	0.0104	0.0104	0.0107	0.0107	0.0106	0.0108	0.0093	0.0094	0.0104
830	0.0112	0.0108	0.0110	0.0101	0.0113	0.0112	0.0114	0.0115	0.0115	0.0116	0.0100	0.0101	0.0113
840	0.0125	0.0121	0.0120	0.0111	0.0124	0.0124	0.0126	0.0126	0.0125	0.0128	0.0110	0.0111	0.0124
850	0.0129	0.0125	0.0124	0.0113	0.0128	0.0128	0.0129	0.0129	0.0129	0.0131	0.0114	0.0114	0.0128
860	0.0130	0.0127	0.0124	0.0113	0.0129	0.0130	0.0130	0.0130	0.0129	0.0132	0.0114	0.0115	0.0128
870	0.0131	0.0127	0.0124	0.0112	0.0131	0.0131	0.0130	0.0130	0.0130	0.0132	0.0115	0.0115	0.0128
880	0.0129	0.0128	0.0123	0.0111	0.0130	0.0130	0.0129	0.0129	0.0129	0.0132	0.0114	0.0115	0.0126
890	0.0123	0.0121	0.0117	0.0105	0.0126	0.0126	0.0124	0.0124	0.0124	0.0126	0.0109	0.0109	0.0119
900	0.0098	0.0099	0.0095	0.0086	0.0104	0.0104	0.0102	0.0102	0.0102	0.0105	0.0089	0.0090	0.0096
910	0.0092	0.0094	0.0090	0.0082	0.0100	0.0100	0.0097	0.0098	0.0098	0.0100	0.0085	0.0085	0.0091
920	0.0096	0.0099	0.0093	0.0085	0.0104	0.0104	0.0102	0.0102	0.0101	0.0104	0.0088	0.0089	0.0095
930	0.0061	0.0064	0.0061	0.0056	0.0071	0.0070	0.0068	0.0068	0.0068	0.0070	0.0059	0.0059	0.0061
940	0.0038	0.0041	0.0041	0.0038	0.0049	0.0049	0.0047	0.0047	0.0047	0.0048	0.0040	0.0039	0.0039
950	0.0045	0.0048	0.0047	0.0043	0.0055	0.0055	0.0053	0.0053	0.0053	0.0054	0.0046	0.0045	0.0045
960	0.0061	0.0064	0.0061	0.0056	0.0071	0.0071	0.0068	0.0069	0.0068	0.0070	0.0059	0.0059	0.0061
970	0.0092	0.0094	0.0089	0.0081	0.0100	0.0100	0.0097	0.0097	0.0097	0.0100	0.0085	0.0085	0.0090
980	0.0105	0.0107	0.0101	0.0092	0.0112	0.0112	0.0109	0.0109	0.0109	0.0112	0.0095	0.0096	0.0103
990	0.0124	0.0124	0.0118	0.0105	0.0128	0.0128	0.0125	0.0125	0.0124	0.0128	0.0109	0.0110	0.0120
1000	0.0128	0.0128	0.0121	0.0108	0.0132	0.0132	0.0128	0.0128	0.0127	0.0131	0.0113	0.0113	0.0125
1010	0.0147	0.0145	0.0139	0.0124	0.0149	0.0149	0.0146	0.0146	0.0146	0.0149	0.0129	0.0130	0.0143
1020	0.0148	0.0147	0.0139	0.0126	0.0150	0.0150	0.0148	0.0148	0.0147	0.0151	0.0129	0.0131	0.0144
1030	0.0149	0.0146	0.0141	0.0127	0.0150	0.0150	0.0148	0.0148	0.0148	0.0151	0.0130	0.0131	0.0146
1040	0.0149	0.0147	0.0141	0.0128	0.0150	0.0151	0.0149	0.0149	0.0148	0.0152	0.0131	0.0132	0.0147
1050	0.0149	0.0145	0.0141	0.0128	0.0149	0.0149	0.0148	0.0148	0.0148	0.0151	0.0130	0.0131	0.0147
1060	0.0146	0.0142	0.0139	0.0126	0.0146	0.0146	0.0145	0.0145	0.0145	0.0148	0.0128	0.0129	0.0144
1070	0.0145	0.0141	0.0139	0.0128	0.0144	0.0145	0.0146	0.0146	0.0145	0.0148	0.0127	0.0129	0.0144
1080	0.0146	0.0141	0.0140	0.0129	0.0143	0.0144	0.0146	0.0146	0.0145	0.0149	0.0128	0.0130	0.0147
1090	0.0141	0.0135	0.0137	0.0126	0.0138	0.0139	0.0141	0.0142	0.0141	0.0144	0.0123	0.0127	0.0143
1100	0.0123	0.0117	0.0121	0.0112	0.0121	0.0122	0.0126	0.0126	0.0125	0.0128	0.0109	0.0112	0.0125
1110	0.0090	0.0086	0.0092	0.0086	0.0093	0.0093	0.0096	0.0097	0.0096	0.0098	0.0083	0.0085	0.0094
1120	9.0034	9.0034	9.0039	9.0037	9.0040	9.0040	9.0043	9.0043	9.0043	9.0043	9.0036	9.0036	9.0037
1130	9.0028	9.0028	9.0033	9.0032	9.0034	9.0034	9.0037	9.0037	9.0037	9.0037	9.0030	9.0030	9.0031
1140	9.0045	9.0043	9.0051	9.0049	9.0050	9.0050	9.0055	9.0055	9.0055	9.0055	9.0045	9.0046	9.0049
1150	9.0047	9.0044	9.0053	9.0051	9.0052	9.0051	9.0057	9.0057	9.0057	9.0057	9.0047	9.0048	9.0052
1160	0.0088	0.0080	0.0093	0.0089	0.0086	0.0086	0.0095	0.0096	0.0096	0.0095	0.0081	0.0084	0.0095
1170	0.0121	0.0107	0.0124	0.0118	0.0111	0.0111	0.0124	0.0124	0.0124	0.0124	0.0106	0.0111	0.0130
1180	0.0126	0.0110	0.0129	0.0123	0.0113	0.0113	0.0127	0.0127	0.0127	0.0128	0.0110	0.0115	0.0136
1190	0.0132	0.0114	0.0135	0.0129	0.0119	0.0120	0.0133	0.0133	0.0133	0.0133	0.0115	0.0121	0.0143
1200	0.0134	0.0116	0.0138	0.0132	0.0122	0.0123	0.0135	0.0136	0.0135	0.0135	0.0117	0.0122	0.0147
1210	0.0140	0.0120	0.0143	0.0137	0.0128	0.0128	0.0140	0.0140	0.0140	0.0140	0.0122	0.0127	0.0151
1220	0.0149	0.0129	0.0152	0.0146	0.0136	0.0137	0.0148	0.0148	0.0147	0.0148	0.0129	0.0135	0.0161
1230	0.0158	0.0137	0.0159	0.0154	0.0144	0.0145	0.0155	0.0155	0.0154	0.0156	0.0136	0.0142	0.0170
1240	0.0162	0.0141	0.0164	0.0158	0.0149	0.0149	0.0159	0.0159	0.0158	0.0159	0.0140	0.0146	0.0173
1250	0.0158	0.0138	0.0161	0.0156	0.0147	0.0148	0.0157	0.0157	0.0156	0.0156	0.0138	0.0143	0.0167
1260	0.0130	0.0115	0.0134	0.0130	0.0124	0.0126	0.0132	0.0132	0.0131	0.0131	0.0115	0.0119	0.0135
1270	0.0118	0.0105	0.0121	0.0120	0.0115	0.0116	0.0121	0.0121	0.0121	0.0120	0.0105	0.0108	0.0121
1280	0.0144	0.0128	0.0147	0.0143	0.0137	0.0138	0.0143	0.0143	0.0143	0.0142	0.0127	0.0131	0.0150
1290	0.0150	0.0133	0.0152	0.0149	0.0142	0.0143	0.0147	0.0147	0.0147	0.0147	0.0132	0.0137	0.0157
1300	0.0140	0.0124	0.0144	0.0140	0.0135	0.0136	0.0139	0.0140	0.0139	0.0139	0.0125	0.0129	0.0147
1310	0.0123	0.0111	0.0128	0.0126	0.0122	0.0122	0.0125	0.0125	0.0125	0.0125	0.0112	0.0116	0.0130
1320	0.0107	0.0097	0.0113	0.0111	0.0108	0.0109	0.0111	0.0111	0.0110	0.0111	0.0099	0.0102	0.0112
1330	9.0077	9.0072	9.0085	9.0084	9.0083	9.0083	9.0084	9.0085	9.0085	9.0084	9.0075	9.0076	9.0082
1340	9.0056	9.0054	9.0065	9.0065	9.0064	9.0065	9.0066	9.0066	9.0066	9.0066	9.0057	9.0058	9.0061
1350	9.0011	9.0011	9.0014	9.0014	9.0014	9.0014	9.0015	9.0015	9.0015	9.0015	9.0013	9.0012	9.0013
1360	9.0002	9.0002	9.0002	9.0002	9.0002	9.0002	9.0001	9.0001	9.0001	9.0001	9.0002	9.0002	9.0002
1370	9.0002	9.0002	9.0002	9.0001	9.0002	9.0002	9.0001	9.0001	9.0001	9.0001	9.0001	9.0002	9.0002
1380	9.0002	9.0002	9.0002	9.0002	9.0002	9.0002	9.0001	9.0002	9.0002	9.0001	9.0002	9.0002	9.0002
1390	9.0002	9.0002	9.0002	9.0002	9.0002	9.0002	9.0002	9.0002	9.0002	9.0002	9.0002	9.0002	9.0002
1400	9.0002	9.0003	9.0003	9.0002	9.0003	9.0003	9.0002	9.0002	9.0002	9.0002	9.0002	9.0003	9.0003
1410	9.0004	9.0005	9.0005	9.0004	9.0004	9.0004	9.0004	9.0004	9.0004	9.0004	9.0004	9.0004	9.0005
1420	9.0006	9.0007	9.0007	9.0008	9.0007	9.0007	9.0008	9.0009	9.0008	9.0008	9.0007	9.0007	9.0008
1430	9.0010	9.0011	9.0014	9.0014	9.0014	9.0014	9.0016	9.0016	9.0016	9.0015	9.0013	9.0012	9.0012
1440	9.0011	9.0012	9.0015	9.0016	9.0016	9.0016	9.0018	9.0018	9.0018	9.0017	9.0014	9.0014	9.0013
1450	9.0023	9.0023	9.0029	9.0030	9.0030	9.0030	9.0032	9.0032	9.0032	9.0031	9.0026	9.0026	9.0026
1460	9.0039	9.0039	9.0048	9.0048	9.0048	9.0048	9.0049	9.0050	9.0049	9.0049	9.0042	9.0043	9.0044
1470	9.0027	9.0028	9.0034	9.0035	9.0036	9.0036	9.0036	9.0037	9.0036	9.0036	9.0031	9.0031	9.0031
1480	9.0040	9.0040	9.0049	9.0049	9.0050	9.0050	9.0050	9.0051	9.0050	9.0050	9.0044	9.0044	9.0045
1490	9.0073	9.0070	9.0081	9.0081	9.0082	9.0083	9.0081	9.0081	9.0081	9.0081	9.0073	9.0074	9.0077
1500	0.0112	0.0104	0.0119	0.0118	0.0118	0.0119	0.0115	0.0116	0.0115	0.0115	0.0106	0.0107	0.0114
1510	0.0132	0.0122	0.0137	0.0137	0.0136	0.0137	0.0132	0.0132	0.0132	0.0132	0.0122	0.0124	0.0134
1520	0.0147	0.0136	0.0152	0.0151	0.0150	0.0151	0.0146	0.0146	0.0145	0.0144	0.0135	0.0138	0.0149
1530	0.0157	0.0145	0.0161	0.0161	0.0160	0.0161	0.0154	0.0154	0.0154	0.0154	0.0143	0.0146	0.0158
1540	0.0162	0.0150	0.0166	0.0165	0.0165	0.0165	0.0158	0.0158	0.0158	0.0157	0.0148	0.0151	0.0163
1550	0.0168	0.0155	0.0171	0.0170	0.0170	0.0171	0.0163	0.0163	0.0162	0.0161	0.0153	0.0156	0.0168
1560	0.0169	0.0156	0.0172	0.0171	0.0172	0.0172	0.0164	0.0164	0.0164	0.0162	0.0154	0.0157	0.0169
1570	0.0154	0.0143	0.0157	0.0158	0.0159	0.0159	0.0151	0.0151	0.0151	0.0150	0.0141	0.0143	0.0153
1580	0.0154	0.0143	0.0158	0.0158	0.0159	0.0159	0.0151	0.0151	0.0151	0.0150	0.0142	0.0143	0.0152
1590	0.0169	0.0156	0.0172	0.0171	0.0171	0.0172	0.0164	0.0163	0.0163	0.0162	0.0154	0.0156	0.0168
1600	0.0156	0.0145	0.0160	0.0160	0.0160	0.0162	0.0153	0.0153	0.0152	0.0151	0.0143	0.0145	0.0155
1610	0.0154	0.0144	0.0158	0.0158	0.0159	0.0160	0.0152	0.0152	0.0150	0.0149	0.0141	0.0143	0.0152
1620	0.0168	0.0156	0.0171	0.0171	0.0172	0.0172	0.0163	0.0163	0.0163	0.0161	0.0153	0.0156	0.0167
1630	0.0169	0.0157	0.0172	0.0171	0.0173	0.0173	0.0165	0.0165	0.0164	0.0162	0.0154	0.0157	0.0168
1640	0.0164	0.0153	0.0168	0.0168	0.0169	0.0169	0.0161	0.0161	0.0160	0.0158	0.0150	0.0153	0.0163
1650	0.0162	0.0151	0.0166	0.0167	0.0168	0.0168	0.0159	0.0159	0.0159	0.0158	0.0149	0.0151	0.0161
1660	0.0164	0.0153	0.0169	0.0168	0.0169	0.0170	0.0161	0.0161	0.0161	0.0159	0.0152	0.0153	0.0163
1670	0.0164	0.0154	0.0168	0.0168	0.0169	0.0170	0.0160	0.0160	0.0160	0.0159	0.0151	0.0154	0.0163
1680	0.0168	0.0156	0.0171	0.0171	0.0171	0.0173	0.0164	0.0163	0.0163	0.0161	0.0153	0.0156	0.0166
1690	0.0164	0.0153	0.0168	0.0168	0.0169	0.0171	0.0161	0.0161	0.0160	0.0159	0.0151	0.0154	0.0163
1700	0.0161	0.0151	0.0166	0.0165	0.0166	0.0168	0.0159	0.0159	0.0158	0.0156	0.0148	0.0151	0.0160
1710	0.0157	0.0148	0.0162	0.0162	0.0163	0.0165	0.0156	0.0156	0.0155	0.0153	0.0146	0.0148	0.0157
1720	0.0154	0.0144	0.0159	0.0158	0.0160	0.0160	0.0152	0.0152	0.0152	0.0150	0.0143	0.0145	0.0154
1730	0.0148	0.0139	0.0154	0.0154	0.0155	0.0156	0.0147	0.0148	0.0147	0.0146	0.0138	0.0139	0.0148
1740	0.0142	0.0133	0.0147	0.0147	0.0149	0.0150	0.0142	0.0142	0.0142	0.0140	0.0132	0.0134	0.0142
1750	0.0139	0.0130	0.0145	0.0144	0.0145	0.0146	0.0139	0.0140	0.0139	0.0138	0.0130	0.0131	0.0140
1760	0.0132	0.0124	0.0138	0.0138	0.0139	0.0139	0.0133	0.0133	0.0133	0.0132	0.0123	0.0125	0.0133
1770	0.0113	0.0107	0.0120	0.0120	0.0122	0.0122	0.0117	0.0117	0.0117	0.0116	0.0108	0.0109	0.0115
1780	0.0086	0.0083	0.0095	0.0095	0.0096	0.0096	0.0093	0.0093	0.0093	0.0093	0.0085	0.0085	0.0089
1790	9.0063	9.0062	9.0072	9.0072	9.0074	9.0074	9.0072	9.0072	9.0072	9.0072	9.0065	9.0065	9.0066
1800	9.0025	9.0027	9.0032	9.0033	9.0034	9.0034	9.0034	9.0034	9.0034	9.0034	9.0030	9.0029	9.0029
1810	9.0011	9.0012	9.0013	9.0013	9.0013	9.0013	9.0014	9.0014	9.0014	9.0013	9.0013	9.0012	9.0013
1820	9998	9998	9998	9998	9998	9998	9998	9998	9998	9998	9998	9998	9998
1830	9998	9998	9998	9998	9998	9998	9998	9998	9998	9998	9998	9998	9998
1840	9998	9998	9998	9998	9998	9998	9998	9998	9998	9998	9998	9998	9998
1850	9998	9998	9998	9998	9998	9998	9998	9998	9998	9998	9998	9998	9998
1860	9998	9998	9998	9998	9998	9998	9998	9998	9998	9998	9998	9998	9998
1870	9998	9998	9998	9998	9998	9998	9998	9998	9998	9998	9998	9998	9998
1880	9998	9998	9998	9998	9998	9998	9998	9998	9998	9998	9998	9998	9998
1890	9998	9998	9998	9998	9998	9998	9998	9998	9998	9998	9998	9998	9998
1900	9998	9998	9998	9998	9998	9998	9998	9998	9998	9998	9998	9998	9998
1910	9998	9998	9998	9998	9998	9998	9998	9998	9998	9998	9998	9998	9998
1920	9.0004	9.0005	9.0005	9.0004	9.0005	9.0005	9.0004	9.0004	9.0004	9.0004	9.0005	9.0005	9.0005
1930	9.0007	9.0007	9.0007	9.0007	9.0007	9.0007	9.0005	9.0006	9.0005	9.0006	9.0006	9.0007	9.0008
1940	9.0009	9.0008	9.0008	9.0009	9.0009	9.0009	9.0008	9.0009	9.0008	9.0008	9.0008	9.0008	9.0010
1950	9.0010	9.0010	9.0011	9.0012	9.0013	9.0013	9.0014	9.0014	9.0014	9.0014	9.0012	9.0010	9.0010
1960	9.0013	9.0013	9.0016	9.0016	9.0018	9.0018	9.0019	9.0019	9.0019	9.0018	9.0015	9.0014	9.0014
1970	9.0044	9.0041	9.0048	9.0046	9.0049	9.0049	9.0053	9.0053	9.0052	9.0052	9.0042	9.0044	9.0046
1980	0.0078	0.0071	0.0082	0.0078	0.0078	0.0078	0.0085	0.0085	0.0085	0.0086	0.0071	0.0074	0.0084
1990	0.0092	0.0082	0.0096	0.0090	0.0088	0.0088	0.0097	0.0097	0.0096	0.0097	0.0081	0.0086	0.0099
2000	0.0034	0.0031	0.0037	0.0036	0.0036	0.0036	0.0041	0.0041	0.0040	0.0039	0.0031	0.0033	0.0035
2010	0.0014	0.0014	0.0018	0.0019	0.0019	0.0020	0.0023	0.0023	0.0022	0.0020	0.0015	0.0016	0.0014
2020	0.0038	0.0035	0.0042	0.0042	0.0042	0.0043	0.0047	0.0047	0.0046	0.0045	0.0036	0.0038	0.0037
2030	0.0100	0.0088	0.0104	0.0100	0.0097	0.0098	0.0106	0.0106	0.0104	0.0104	0.0088	0.0093	0.0104
2040	0.0116	0.0103	0.0120	0.0116	0.0112	0.0113	0.0120	0.0120	0.0119	0.0119	0.0102	0.0107	0.0122
2050	0.0082	0.0073	0.0086	0.0084	0.0083	0.0084	0.0089	0.0089	0.0087	0.0087	0.0073	0.0077	0.0083
2060	0.0072	0.0065	0.0077	0.0075	0.0076	0.0076	0.0080	0.0080	0.0079	0.0078	0.0065	0.0068	0.0073
2070	0.0081	0.0073	0.0086	0.0083	0.0083	0.0084	0.0088	0.0088	0.0087	0.0086	0.0073	0.0076	0.0082
2080	0.0115	0.0102	0.0119	0.0114	0.0112	0.0112	0.0119	0.0119	0.0118	0.0117	0.0101	0.0105	0.0120
2090	0.0131	0.0115	0.0134	0.0128	0.0123	0.0125	0.0132	0.0132	0.0131	0.0131	0.0114	0.0119	0.0138
2100	0.0141	0.0123	0.0144	0.0136	0.0131	0.0131	0.0139	0.0139	0.0139	0.0139	0.0121	0.0127	0.0150
2110	0.0148	0.0129	0.0150	0.0142	0.0136	0.0137	0.0145	0.0144	0.0144	0.0145	0.0127	0.0133	0.0158
2120	0.0147	0.0129	0.0149	0.0143	0.0137	0.0137	0.0144	0.0144	0.0144	0.0145	0.0127	0.0133	0.0157
2130	0.0154	0.0135	0.0155	0.0148	0.0142	0.0142	0.0150	0.0149	0.0149	0.0150	0.0133	0.0139	0.0163
2140	0.0156	0.0137	0.0158	0.0151	0.0144	0.0144	0.0151	0.0151	0.0151	0.0152	0.0134	0.0140	0.0166
2150	0.0147	0.0128	0.0149	0.0142	0.0136	0.0136	0.0144	0.0144	0.0144	0.0145	0.0126	0.0132	0.0158
2160	0.0143	0.0123	0.0144	0.0136	0.0129	0.0129	0.0139	0.0139	0.0139	0.0140	0.0121	0.0127	0.0154
2170	0.0141	0.0122	0.0141	0.0132	0.0126	0.0126	0.0137	0.0137	0.0137	0.0139	0.0119	0.0125	0.0152
2180	0.0136	0.0122	0.0135	0.0124	0.0127	0.0126	0.0133	0.0133	0.0133	0.0136	0.0117	0.0121	0.0144
2190	0.0133	0.0124	0.0130	0.0118	0.0129	0.0129	0.0132	0.0132	0.0132	0.0135	0.0115	0.0118	0.0137
2200	0.0122	0.0117	0.0119	0.0108	0.0124	0.0124	0.0124	0.0124	0.0124	0.0125	0.0107	0.0109	0.0123
2210	0.0134	0.0129	0.0128	0.0116	0.0135	0.0135	0.0133	0.0133	0.0133	0.0136	0.0116	0.0119	0.0135
2220	0.0135	0.0130	0.0130	0.0118	0.0135	0.0135	0.0135	0.0135	0.0135	0.0137	0.0117	0.0120	0.0137
2230	0.0135	0.0129	0.0130	0.0118	0.0133	0.0133	0.0134	0.0133	0.0133	0.0136	0.0117	0.0119	0.0137
2240	0.0131	0.0125	0.0126	0.0115	0.0131	0.0131	0.0131	0.0131	0.0131	0.0133	0.0114	0.0116	0.0132
2250	0.0126	0.0123	0.0122	0.0111	0.0129	0.0129	0.0128	0.0128	0.0127	0.0130	0.0110	0.0112	0.0127
2260	0.0121	0.0118	0.0117	0.0106	0.0125	0.0125	0.0123	0.0123	0.0123	0.0125	0.0106	0.0108	0.0121
2270	0.0120	0.0116	0.0116	0.0105	0.0124	0.0124	0.0121	0.0121	0.0121	0.0124	0.0105	0.0106	0.0119
2280	0.0119	0.0118	0.0114	0.0104	0.0125	0.0125	0.0121	0.0121	0.0121	0.0124	0.0105	0.0106	0.0118
2290	0.0111	0.0113	0.0107	0.0097	0.0121	0.0121	0.0115	0.0115	0.0115	0.0118	0.0099	0.0100	0.0109
2300	0.0105	0.0109	0.0101	0.0091	0.0118	0.0118	0.0111	0.0111	0.0110	0.0114	0.0095	0.0095	0.0102
2310	9998	9998	9998	9998	9998	9998	9998	9998	9998	9998	9998	9998	9998
2320	9998	9998	9998	9998	9998	9998	9998	9998	9998	9998	9998	9998	9998
2330	9998	9998	9998	9998	9998	9998	9998	9998	9998	9998	9998	9998	9998
2340	9998	9998	9998	9998	9998	9998	9998	9998	9998	9998	9998	9998	9998
2350	9998	9998	9998	9998	9998	9998	9998	9998	9998	9998	9998	9998	9998
2360	9998	9998	9998	9998	9998	9998	9998	9998	9998	9998	9998	9998	9998
2370	9998	9998	9998	9998	9998	9998	9998	9998	9998	9998	9998	9998	9998
2380	9998	9998	9998	9998	9998	9998	9998	9998	9998	9998	9998	9998	9998
2390	9998	9998	9998	9998	9998	9998	9998	9998	9998	9998	9998	9998	9998
2400	9998	9998	9998	9998	9998	9998	9998	9998	9998	9998	9998	9998	9998
2410	9998	9998	9998	9998	9998	9998	9998	9998	9998	9998	9998	9998	9998
2420	9998	9998	9998	9998	9998	9998	9998	9998	9998	9998	9998	9998	9998
2430	9998	9998	9998	9998	9998	9998	9998	9998	9998	9998	9998	9998	9998
2440	9998	9998	9998	9998	9998	9998	9998	9998	9998	9998	9998	9998	9998
2450	9998	9998	9998	9998	9998	9998	9998	9998	9998	9998	9998	9998	9998
2460	9998	9998	9998	9998	9998	9998	9998	9998	9998	9998	9998	9998	9998
2470	9998	9998	9998	9998	9998	9998	9998	9998	9998	9998	9998	9998	9998
2480	9998	9998	9998	9998	9998	9998	9998	9998	9998	9998	9998	9998	9998
2490	9998	9998	9998	9998	9998	9998	9998	9998	9998	9998	9998	9998	9998
2500	9998	9998	9998	9998	9998	9998	9998	9998	9998	9998	9998	9998	9998